 3696  2025-04-07 12:19  ls
 3697  2025-04-07 12:19  cd
 3698  2025-04-07 12:19  ls
 3699  2025-04-07 12:19  cd code
 3700  2025-04-07 12:19  la
 3701  2025-04-07 12:19  ls
 3702  2025-04-07 12:19  cd emberhome
 3703  2025-04-07 12:19  la
 3704  2025-04-07 12:19  ls
 3705  2025-04-07 12:19  cd lecture_exercises
 3706  2025-04-07 12:19  la
 3707  2025-04-07 12:19  ls
 3708  2025-04-07 12:19  mkdir weekl0_dc && cd ..
 3709  2025-04-07 12:20  ls
 3710  2025-04-07 12:20  cd lecture_exercises
 3711  2025-04-07 12:20  ls
 3712  2025-04-07 12:20  cd week10_dc
 3713  2025-04-07 12:21  touch fast.py
 3714  2025-04-07 12:23  poetry init
 3715  2025-04-07 12:26  poetry add fastapi
 3716  2025-04-07 12:27  poetry add uvicorn
 3717  2025-04-07 12:28  poetry run fast:app
 3718  2025-04-07 12:28  poetry run uvicorn fast:app
 3719  2025-04-07 12:32  omz update
 3720  2025-04-07 12:32  ls
 3721  2025-04-07 12:32  cd emberhome
 3722  2025-04-07 12:32  ls
 3723  2025-04-07 12:32  cd lecture_exercises
 3724  2025-04-07 12:32  ls
 3725  2025-04-07 12:32  cd week10_dc
 3726  2025-04-07 12:32  touch Dockerfile
 3727  2025-04-07 12:39  docker build -t fast . 
 3728  2025-04-07 12:57  poetry lokc --no update
 3729  2025-04-07 12:57  poetry lock --no update
 3730  2025-04-07 12:57  poetry lock [--no-update]
 3731  2025-04-07 12:58  poetry lock
 3732  2025-04-07 13:01  docker build -t fast . 
 3733  2025-04-07 13:01  poetry lock
 3734  2025-04-07 13:02  docker build -t fast . 
 3735  2025-04-07 13:08  docker run -p 8000:8000 fast
 3736  2025-04-07 15:52  ls
 3737  2025-04-07 15:52  cd emberhome
 3738  2025-04-07 15:52  ls
 3739  2025-04-07 15:52  cd lecture_exercises
 3740  2025-04-07 15:52  ls
 3741  2025-04-07 15:52  cd week10_dc
 3742  2025-04-07 15:52  ls
 3743  2025-04-07 15:52  docker run -p 8000:8000 fast
 3744  2025-04-07 16:11  ls
 3745  2025-04-07 16:11  cd emberhome
 3746  2025-04-07 16:11  ls
 3747  2025-04-07 16:11  cd lecture_exercises
 3748  2025-04-07 16:11  ls
 3749  2025-04-07 16:11  cd week10_dc
 3750  2025-04-07 16:11  ls
 3751  2025-04-07 16:12  touch docker-compose.yml
 3752  2025-04-07 16:12  touch docker-compose.yaml
 3753  2025-04-07 16:12  rm docker-compose.yml
 3754  2025-04-07 16:18  docker-compose config 
 3755  2025-04-07 16:19  docker compose version\n
 3756  2025-04-07 16:27  docker compose config
 3757  2025-04-07 16:29  docker compose up 
 3758  2025-04-07 16:29  docker ps
 3759  2025-04-07 16:30  docker compose up 
 3760  2025-04-07 16:34  docker compose down
 3761  2025-04-07 16:38  docker compose up
 3762* 2025-04-07 16:31  docker ps
 3763* 2025-04-07 16:39  docker volume ls
 3764* 2025-04-07 16:40  docker compose down
 3765* 2025-04-07 16:40  docker compose down --volumes
 3766* 2025-04-07 16:45  mkdir api && cd api
 3767* 2025-04-07 16:45  cd ..
 3768* 2025-04-07 16:46  mv fast.py api
 3769* 2025-04-07 16:49  docker compose config 
 3770* 2025-04-07 16:50  docker compose build
 3771* 2025-04-07 16:54  docker compose up
 3772* 2025-04-07 16:57  docker compose down 
 3773* 2025-04-07 16:57  docker compose up 
 3774  2025-04-07 17:11  ls
 3775  2025-04-07 17:11  cd api
 3776  2025-04-07 17:11  cd ..
 3777  2025-04-07 17:11  poetry add sqlalchemy 
 3778  2025-04-07 17:15  poetry add pyscopg-binary
 3779  2025-04-07 17:15  poetry lock
 3780  2025-04-07 17:15  poetry add pyscopg-binary
 3781  2025-04-07 17:15  poetry install\n
 3782  2025-04-07 17:16  poetry add pyscopg-binary
 3783  2025-04-07 17:16  poetry install\n
 3784  2025-04-07 17:17  poetry lock
 3785  2025-04-07 17:17  poetry install\n
 3786  2025-04-07 17:17  poetry lock
 3787  2025-04-07 17:17  poetry install\n
 3788  2025-04-07 17:28  docker compose up
 3789  2025-04-07 17:29  docker config
 3790  2025-04-07 17:29  docker compose config 
 3791  2025-04-07 17:29  docker compose up
 3792  2025-04-07 17:30  docker compose down
 3793  2025-04-07 17:31  docker compose build 
 3794  2025-04-07 17:32  docker compose up 
 3795  2025-04-07 17:35  docker compose down 
 3796  2025-04-07 17:35  docker compose up
 3797  2025-04-07 17:38  docker compose down
 3798  2025-04-07 17:38  docker compose up
 3799* 2025-04-07 17:40  docker ps 
 3800* 2025-04-07 17:41  docker exec -it e159f6089e21 psql --user:postgres
 3801* 2025-04-07 17:41  docker exec -it e159f6089e21 psql --user:eberniczky
 3802* 2025-04-07 17:42  docker exec -it e159f6089e21 psql
 3803* 2025-04-07 17:42  docker exec -it e159f6089e21 psql --user=postgres
 3804* 2025-04-07 17:45  docker exec -it 3bee5407cef5 /bin/bash
 3805  2025-04-07 17:50  docker compose down 
 3806  2025-04-07 17:50  docker compose build 
 3807  2025-04-07 17:50  docker compose up
 3808* 2025-04-07 17:56  poetry add psycopg2-binary
 3809* 2025-04-07 17:57  docker compose down 
 3810* 2025-04-07 17:57  docker compose build 
 3811* 2025-04-07 17:58  docker compose up 
 3812* 2025-04-07 18:03  docker compose down
 3813* 2025-04-07 18:03  docker compose up --build -d\n
 3814* 2025-04-07 18:04  docker compose up 
 3815* 2025-04-07 18:05  docker compose down 
 3816* 2025-04-07 18:05  docker compose build 
 3817* 2025-04-07 18:05  docker compose up 
 3818* 2025-04-07 18:06  docker compose down 
 3819* 2025-04-07 18:07  docker compose build
 3820* 2025-04-07 18:07  docker compose up 
 3821* 2025-04-07 18:08  docker compose down
 3822* 2025-04-07 18:08  docker compose build
 3823* 2025-04-07 18:08  docker compose up
 3824  2025-04-07 18:13  docker ps 
