 4703  2025-05-27 06:48  cd ~/code/emberhome/data-engineering-challenges/
 4704  2025-05-27 06:49  cd 03-Data-Storage-and-Batch-Pipelines/03-Pipeline-Orchestration/02-DBT-in-Airflow
 4705  2025-05-27 06:49  docker compose down
 4706  2025-05-27 07:01  docker ps
 4707  2025-05-27 07:02  cd ..
 4708  2025-05-27 07:02  ls
 4709  2025-05-27 07:02  cd lecture_exercises
 4710  2025-05-27 07:02  ls
 4711  2025-05-27 07:02  mkdir week17_metabase
 4712  2025-05-27 07:02  cd week17_metabase
 4713  2025-05-27 07:02  code .
 4714  2025-05-27 07:03  touch docker-compose.yml
 4715  2025-05-27 07:04  docker compose up
 4716  2025-05-27 07:10  cd /home/eberniczky/.gcp_keys
 4717  2025-05-27 07:10  ls -al
 4718  2025-05-27 07:10  cat le-wagon-de-bootcamp.json
 4719  2025-05-27 07:10  code .
 4720  2025-05-27 07:32  ls
 4721  2025-05-27 07:33  cd emberhome
 4722  2025-05-27 07:33  ls
 4723  2025-05-27 07:33  cd lecture_exercises
 4724  2025-05-27 07:33  ks
 4725  2025-05-27 07:33  ls
 4726  2025-05-27 07:33  cd week17_dataviz
 4727  2025-05-27 07:33  docker compose down
 4728  2025-05-27 07:33  ls
 4729  2025-05-27 07:34  docker ps\n: 1748331273:0;docker ps
 4730  2025-05-27 07:34  dcoker compose up
 4731  2025-05-27 07:34  docker compose up
 4732  2025-05-27 07:35  docker compose down
 4733  2025-05-27 07:35  docker ps
 4734  2025-05-27 07:37  docker compose stop week17_metabase-metabase-1
 4735  2025-05-27 07:38  docker compose down
 4736  2025-05-27 07:38  docker ps
 4737  2025-05-27 07:40  lsd
 4738  2025-05-27 07:40  ls
 4739  2025-05-27 07:41  docker stop $(docker ps -q)
 4740  2025-05-27 07:41  docker rm $(docker ps -aq)
 4741  2025-05-27 07:41  docker ps
 4742  2025-05-27 07:56  touch counter.py
 4743  2025-05-27 08:02  poetry install streamlit
 4744  2025-05-27 08:03  poetry init
 4745  2025-05-27 08:05  docker ps
 4746  2025-05-27 08:05  ls
 4747  2025-05-27 08:05  cd emberhome
 4748  2025-05-27 08:05  ls
 4749  2025-05-27 08:05  cd lecture_exercises
 4750  2025-05-27 08:05  ls
 4751  2025-05-27 08:05  cd week17_dataviz
 4752  2025-05-27 08:05  poetry init
 4753  2025-05-27 08:05  poetry add streamlit
 4754  2025-05-27 08:06  poetry run streamlit counter.py --server.address=0.0.0.0
 4755  2025-05-27 08:07  streamlit run counter.py --server.address=0.0.0.0
 4756  2025-05-27 08:07  poetry streamlit run counter.py --server.address=0.0.0.0
 4757  2025-05-27 08:08  poetry --verison
 4758  2025-05-27 08:08  poetry run streamlit run counter.py --server.address=0.0.0.0
 4759  2025-05-27 08:27  docker ps
 4760  2025-05-27 17:10  cd ~/code/emberhome/data-engineering-challenges/
 4761  2025-05-27 17:10  git pull upstream main -X ours
 4762  2025-05-27 17:10  cd 03-Data-Storage-and-Batch-Pipelines/04-Visualization-Best-Practices/01-Metabase
 4763  2025-05-27 17:10  docker ps
 4764  2025-05-27 17:12  curl --output ./database/init/f1db.sql.gz https://storage.googleapis.com/lewagon-data-engineering-bootcamp-assets/datasets/f1/f1db.sql.gz
 4765  2025-05-27 17:14  g\zip ./database/init/f1db.sql.gz\n
 4766  2025-05-27 17:15  gunzip ./database/init/f1db.sql.gz\n
 4767  2025-05-27 17:15  cd ./database/init
 4768  2025-05-27 17:15  ls -al
 4769  2025-05-27 17:24  docker compose up
 4770  2025-05-27 17:27  docker compose down
 4771  2025-05-27 17:27  direnv reload 
 4772  2025-05-27 17:27  docker compose up
 4773  2025-05-27 17:35  tldr gzip
 4774  2025-05-27 17:37  whoami
 4775  2025-05-27 17:38  ip addr show\n
 4776  2025-05-27 17:38  hostname -I
 4777  2025-05-27 17:53  docker ps
 4778* 2025-05-27 18:04  docker compose down
 4779* 2025-05-27 18:04  cd ~/code/emberhome/data-engineering-challenges/
 4780* 2025-05-27 18:04  cd 03-Data-Storage-and-Batch-Pipelines/04-Visualization-Best-Practices/01-Metabase
 4781* 2025-05-27 18:04  docker compose up
 4782* 2025-05-27 18:08  la
 4783* 2025-05-27 18:08  cd database
 4784* 2025-05-27 18:08  ls -al
 4785* 2025-05-27 18:08  cd init
 4786* 2025-05-27 18:08  ls -al
 4787* 2025-05-27 18:10  cd ~/code/emberhome/data-engineering-challenges/
 4788* 2025-05-27 18:10  cd 03-Data-Storage-and-Batch-Pipelines/04-Visualization-Best-Practices/01-Metabase
 4789* 2025-05-27 18:10  docker compose down
 4790* 2025-05-27 18:10  docker compose up
 4791  2025-05-27 18:21  docker networks ls
 4792  2025-05-27 18:21  docker network ls
 4793  2025-05-27 18:22  docker network inspect e02c34a2226d
 4794  2025-05-27 19:03  cd ~/code/emberhome/data-engineering-challenges/
 4795  2025-05-27 19:03  cd 03-Data-Storage-and-Batch-Pipelines/04-Visualization-Best-Practices/02-Streamlit
 4796  2025-05-27 19:05  cd .databases/
 4797  2025-05-27 19:05  cd .database/
 4798  2025-05-27 19:05  cd ~
 4799  2025-05-27 19:05  cd .database/
 4800  2025-05-27 19:05  ls
 4801  2025-05-27 19:05  cd code
 4802  2025-05-27 19:05  ls -al
 4803  2025-05-27 19:05  cd .datbase/
 4804  2025-05-27 19:06  cd database
 4805  2025-05-27 19:10  ls
 4806  2025-05-27 19:10  cd ~/code/emberhome/data-engineering-challenges/
 4807  2025-05-27 19:10  cd 03-Data-Storage-and-Batch-Pipelines/04-Visualization-Best-Practices/02-Streamlit
 4808  2025-05-27 19:11  docker compose -f docker-compose-basic.yml up
 4809  2025-05-27 19:12  docker ps
 4810  2025-05-27 19:12  docker compose down
 4811  2025-05-27 19:12  docker stop e133e52401bf
 4812  2025-05-27 19:12  docker ps
 4813  2025-05-27 19:13  docker compose -f docker-compose-basic.yml up
 4814* 2025-05-27 19:17  cd ~/code/emberhome/data-engineering-challenges/
 4815* 2025-05-27 19:17  cd 03-Data-Storage-and-Batch-Pipelines/04-Visualization-Best-Practices/02-Streamlit
 4816* 2025-05-27 19:17  direnv reload 
 4817  2025-05-27 19:17  docker ps
 4818  2025-05-27 19:17  docker compose -f docker-compose-basic.yml up
 4819* 2025-05-27 19:21  cd ..
 4820* 2025-05-27 19:21  cd 02-Streamlit
 4821* 2025-05-27 19:22  cp ../01-Metabase/database/init/f1db.sql database/init
 4822* 2025-05-27 19:22  sudo cp ../01-Metabase/database/init/f1db.sql database/init      
 4823* 2025-05-27 19:23  docker compose down
 4824* 2025-05-27 19:23  ls
 4825* 2025-05-27 19:24  docker compose -f docker-compose-basic.yml down
 4826* 2025-05-27 19:24  docker compose -f docker-compose-basic.yml up
 4827  2025-05-27 19:27  cd ..
 4828  2025-05-27 19:27  ls
 4829  2025-05-27 19:27  cd 01-Metabase
 4830  2025-05-27 19:27  git status 
 4831  2025-05-27 19:28  git add .
 4832  2025-05-27 19:28  git commit -m 
 4833  2025-05-27 19:29  history | grep "$(date +'%Y-%m-%d')" > zsh_commands_$(date +'%Y-%m-%d').log
 4834  2025-05-27 19:29  git status
 4835  2025-05-27 19:30  git add . 
 4836  2025-05-27 19:30  git status
 4837  2025-05-27 19:31  git add zsh_commands_2025-05-27.log
 4838  2025-05-27 19:32  cd ..
 4839  2025-05-27 19:32  cd ../../03-Data-Storage-and-Batch-Pipelines
 4840  2025-05-27 19:32  ls -al
 4841  2025-05-27 19:33  ls
 4842  2025-05-27 19:33  cd 04-Visualization-Best-Practices
 4843  2025-05-27 19:33  ls -al
 4844  2025-05-27 19:33  cat .gitignore
 4845  2025-05-27 19:34  ls
 4846  2025-05-27 19:34  cd 02-Streamlit
 4847  2025-05-27 19:34  git add zsh_commands_2025-05-27.log
 4848  2025-05-27 19:34  cd ../01-Metabase
 4849  2025-05-27 19:34  git add zsh_commands_2025-05-27.log
 4850  2025-05-27 19:34  git add zsh_commands_2025-05-27.log -f
 4851  2025-05-27 19:34  git status
 4852  2025-05-27 19:34  git add . 
 4853  2025-05-27 19:35  git commit -m "metabase done, logs included"
 4854  2025-05-27 19:37  git push
 4855  2025-05-27 19:37  cd ../02-Streamlit
 4856  2025-05-27 19:37  git status
 4857  2025-05-27 19:38  git add . 
 4858  2025-05-27 19:38  git commit -m "streamlit up and running"
 4859  2025-05-27 19:38  git push
 4860  2025-05-27 19:38  cd ~
 4861  2025-05-27 19:38  ls
 4862  2025-05-27 19:39  cd code
 4863  2025-05-27 19:39  ls
 4864  2025-05-27 19:39  cd emberhome
 4865  2025-05-27 19:39  ls
 4866  2025-05-27 19:39  cd lecture_exercises
 4867  2025-05-27 19:39  ls
 4868  2025-05-27 19:39  cd week17_dataviz
